<?xml version="1.0" encoding="UTF-8"?>
<!-- Generated by org.testng.reporters.JUnitReportReporter -->
<testsuite hostname="BRIAN" failures="0" tests="3" name="Academy.E2EProject.ValidateTitle" time="0.018" errors="1" timestamp="2022-07-14T20:02:42 IST" skipped="2">
  <testcase classname="Academy.E2EProject.ValidateTitle" name="initializeTest" time="0.018">
    <error message="Cannot invoke &quot;String.contains(java.lang.CharSequence)&quot; because &quot;browserName&quot; is null" type="java.lang.NullPointerException">
      <![CDATA[java.lang.NullPointerException: Cannot invoke "String.contains(java.lang.CharSequence)" because "browserName" is null
at resources.base.initializeDriver(base.java:42)
at Academy.E2EProject.ValidateTitle.initializeTest(ValidateTitle.java:27)
at java.base/jdk.internal.reflect.NativeMethodAccessorImpl.invoke0(Native Method)
at java.base/jdk.internal.reflect.NativeMethodAccessorImpl.invoke(NativeMethodAccessorImpl.java:77)
at java.base/jdk.internal.reflect.DelegatingMethodAccessorImpl.invoke(DelegatingMethodAccessorImpl.java:43)
at java.base/java.lang.reflect.Method.invoke(Method.java:568)
at org.testng.internal.invokers.MethodInvocationHelper.invokeMethod(MethodInvocationHelper.java:139)
at org.testng.internal.invokers.MethodInvocationHelper.invokeMethodConsideringTimeout(MethodInvocationHelper.java:69)
at org.testng.internal.invokers.ConfigInvoker.invokeConfigurationMethod(ConfigInvoker.java:361)
at org.testng.internal.invokers.ConfigInvoker.invokeConfigurations(ConfigInvoker.java:296)
at org.testng.TestRunner.invokeTestConfigurations(TestRunner.java:643)
at org.testng.TestRunner.beforeRun(TestRunner.java:632)
at org.testng.TestRunner.run(TestRunner.java:594)
at org.testng.SuiteRunner.runTest(SuiteRunner.java:433)
at org.testng.SuiteRunner$SuiteWorker.run(SuiteRunner.java:471)
at org.testng.internal.thread.ThreadUtil.lambda$execute$0(ThreadUtil.java:58)
at java.base/java.util.concurrent.FutureTask.run(FutureTask.java:264)
at java.base/java.util.concurrent.ThreadPoolExecutor.runWorker(ThreadPoolExecutor.java:1136)
at java.base/java.util.concurrent.ThreadPoolExecutor$Worker.run(ThreadPoolExecutor.java:635)
at java.base/java.lang.Thread.run(Thread.java:833)
]]>
    </error>
  </testcase> <!-- initializeTest -->
  <system-out/>
  <testcase classname="Academy.E2EProject.ValidateTitle" name="basePageHeaderValidation" time="0.000">
    <skipped/>
  </testcase> <!-- basePageHeaderValidation -->
  <system-out/>
  <testcase classname="Academy.E2EProject.ValidateTitle" name="basePageTitleValidation" time="0.000">
    <skipped/>
  </testcase> <!-- basePageTitleValidation -->
  <system-out/>
</testsuite> <!-- Academy.E2EProject.ValidateTitle -->
